-915!+.!+.....!+.!+.!+.!+.!+..!+.!+...!+.....!+....!+..!+.....!+..!+..!+.!+.!+....!+..!+..!+...
2.9074544754..................................................
2.9074544754.....................................!+.....!+........
1.26328556075..................................................
1.26328556075..................................................
1.26328556075..................................................
1.26328556075..................................................
1.26328556075..............................!+....................
1.24259053791..................................................
1.24259053791.....................?.............................
1.24259053791..................................................
1.24259053791..................................................
1.24259053791............!+......................................
0.806075075592..................................................
0.806075075592!+..................................................
1.10033241322...........!+.......................................
1.08761234127..................................................
1.08761234127..................................................
1.08761234127..................................................
1.08761234127....................?..............................
1.08761234127.............................+.....................
1.08761234127..................................................
1.08761234127..............................?....................
1.08761234127...............................................?...
1.08761234127..................................................
1.08761234127..................................................
1.08761234127..................................................
1.08761234127..................................................
1.08761234127..................................................
1.08761234127..................................................
1.08761234127..................................................
1.08761234127..................................................
1.08761234127.................+.................................
1.08761234127..................................................
1.08761234127..................................................
1.08761234127..................................................
1.08761234127..................................................
1.08761234127...........................................?.......
1.08761234127..................................................
1.08761234127..................................................
1.08761234127