?.+...!+..?.?.+.?..+.+.+......+.!+......!+..?...+.+.....+.!+..
.....?...+.?.....!+....?...+............?......?.
?..+....+.....+.+.........?.+......?..+..+........
...........+.+.....+.........?....+.+.+.+.......
..+..................!+....................
........................................
.................................!+..?.....
..........+.........?....+.....+.+...+........
...................!+.......!+..............
....................?.......+.......+.+.....
.+..............?..+.+.+......+..+.+............
+.........+.........................+......
........................................
!+............?.......+..................?..+.
..+...+...................+.......+.........
........................................
+.......+.....................+............
...........+...................!+....!+......
........................................
...........................!+.............
.......................?.................
..+...........+........+...................
.......................!+.................
........................................
............?..+.+............+.....?.+.+.+.....
+....+..+..+......+....?.+....+.+....+.+.......+...+.
..............+............?.....+.+......+..
+........................+................
+...........?...+........................+..
+........................................
.......+.................................
...............................+.........
........+.........+......................+.
....?.....+...................?..+......+....
+..+....+..................................
.....+............................+.......
............+...?..+.......................
.................................?.+...+...
...+..+.....+...........+...................
........................................
........................................
........................................
........................................
..........................+..............
........................................
...?...................................+..
...................................+.....
........................................
........................................
.......................................
Best Value Found [-0.0862472360205313, -1.1046388238521399, 0.17585279758221173]...?.
Best Value Found [0.04503502006730997, -1.1158624838780353, 0.00593517806800925]