.?..+.?..?..+...+..+..+............!+.!+..?.........+.
?.+..+...?.+...+..!+.........?...+.....+.....+..+.+...
.....+....?.+..+..?...+...........+.......?...+..
....?...+.......+.....+...+.+.+.........!+....?..+.
.....+..+..?....!+......?.+.+..........+..?......+.
.....+...?...+......?..+.+...+.........?.+..+.?..+..
?.+..........+.....+.+.......+...?.....+........
.....?...+..?..+...?.+.+.?....+..+...+.....+.+.?...+..+.
.+.+..............+.+...+...........+.........
...................+.................+....
...............?.+..............+......+....
.+.+........?....+..+........................
.......?.+.+..+.+.?..+.+......+.+.+.......+.?...+..+.+..
...+...+..+......+.....+...+...+.+.?......+..+.....
....+....+.....?....+..+...+.......+..+....+.....
+.....................+...................
................+.........+...............
...+..+.+...?...+..+..............+.....+...?....
.+........................+..........+..+.+..
....................................+....
.........................+...+......!+......
........................?.....+........?.+..
...............+..+..................+.....
............................?.....+...+..+..
+.....?.+...+.....+.+..+.......+.?...+...+..+.......
..........+.............................+.
...+....+.?...+........+.....................
..+...+...................................
..........+..............................
........................................
..............................?.+.........
.....+.........................+..........
.................+.......................
........................+................
...................................+.+....
+...?.+..+.+.....+............+................
.+.....?..+...+........+...............+......
....................................+.!+...
..........................!+..............
........................................
........................................
........................................
........................................
.....!+......!+.............................
........................................
.....?....+..+.....+..+....+...+.+.............?.
....+....................................
........................................
........................?.+..+....+....+..+...
.......+........+.....................+...
Best Value Found [-0.15769406217141313, -1.115458654396619, 0.06917625732190569]242845334]